<?xml version="1.0" encoding="UTF-8"?>
<testsuite xmlns:xsi="http://www.w3.org/2001/XMLSchema-instance" xsi:noNamespaceSchemaLocation="https://maven.apache.org/surefire/maven-surefire-plugin/xsd/surefire-test-report-3.0.xsd" version="3.0" name="TestSuite" time="37.091" tests="2" errors="0" skipped="0" failures="0">
  <properties>
[...]
</properties>
  <testcase name="runScenario[&quot;User should login to the application with valid credentials&quot;, &quot;VT-001 As a user , I should be able to login to vTiger application&quot;](1)" classname="runners.TestRunner" time="20.899">
    <system-out><![CDATA[application username is: admin
application password is: MTIz
Verify logo on home page
]]></system-out>
    <system-err><![CDATA[SLF4J: No SLF4J providers were found.
SLF4J: Defaulting to no-operation (NOP) logger implementation
SLF4J: See https://www.slf4j.org/codes.html#noProviders for further details.
Oct 10, 2023 11:10:58 PM org.openqa.selenium.devtools.CdpVersionFinder findNearestMatch
WARNING: Unable to find an exact match for CDP version 117, so returning the closest version found: 115
]]></system-err>
  </testcase>
  <testcase name="runScenario[&quot;User should login to the application with Invalid credentials&quot;, &quot;VT-001 As a user , I should be able to login to vTiger application&quot;](2)" classname="runners.TestRunner" time="13.019">
    <system-out><![CDATA[application username is: admin1
application password is: NDU2
]]></system-out>
    <system-err><![CDATA[Oct 10, 2023 11:11:15 PM org.openqa.selenium.devtools.CdpVersionFinder findNearestMatch
WARNING: Unable to find an exact match for CDP version 117, so returning the closest version found: 115
]]></system-err>
  </testcase>
</testsuite>