<?xml version="1.0" encoding="UTF-8"?>
<testng-results ignored="0" total="2" passed="2" failed="0" skipped="0">
  <reporter-output>
  </reporter-output>
  <suite started-at="2023-10-10T23:10:50 IST" name="Functional" finished-at="2023-10-10T23:11:25 IST" duration-ms="34965">
    <groups>
      <group name="cucumber">
        <method signature="AbstractTestNGCucumberTests.runScenario(io.cucumber.testng.PickleWrapper,io.cucumber.testng.FeatureWrapper)[pri:0, instance:runners.TestRunner@12591ac8]" name="runScenario" class="io.cucumber.testng.AbstractTestNGCucumberTests"/>
      </group> <!-- cucumber -->
    </groups>
    <test started-at="2023-10-10T23:10:50 IST" name="vTiger Project" finished-at="2023-10-10T23:11:25 IST" duration-ms="34965">
      <class name="runners.TestRunner">
        <test-method is-config="true" signature="setUpClass(org.testng.ITestContext)[pri:0, instance:runners.TestRunner@12591ac8]" started-at="2023-10-10T23:10:51 IST" name="setUpClass" finished-at="2023-10-10T23:10:51 IST" duration-ms="458" status="PASS">
          <params>
            <param index="0">
              <value>
                <![CDATA[org.testng.TestRunner@1c6e3ff9]]>
              </value>
            </param>
          </params>
          <reporter-output>
          </reporter-output>
        </test-method> <!-- setUpClass -->
        <test-method signature="runScenario(io.cucumber.testng.PickleWrapper,io.cucumber.testng.FeatureWrapper)[pri:0, instance:runners.TestRunner@12591ac8]" started-at="2023-10-10T23:10:51 IST" name="runScenario" description="Runs Cucumber Scenarios" data-provider="scenarios" finished-at="2023-10-10T23:11:12 IST" duration-ms="20891" status="PASS">
          <params>
            <param index="0">
              <value>
                <![CDATA["User should login to the application with valid credentials"]]>
              </value>
            </param>
            <param index="1">
              <value>
                <![CDATA["VT-001 As a user , I should be able to login to vTiger application"]]>
              </value>
            </param>
          </params>
          <reporter-output>
          </reporter-output>
        </test-method> <!-- runScenario -->
        <test-method signature="runScenario(io.cucumber.testng.PickleWrapper,io.cucumber.testng.FeatureWrapper)[pri:0, instance:runners.TestRunner@12591ac8]" started-at="2023-10-10T23:11:12 IST" name="runScenario" description="Runs Cucumber Scenarios" data-provider="scenarios" finished-at="2023-10-10T23:11:25 IST" duration-ms="13019" status="PASS">
          <params>
            <param index="0">
              <value>
                <![CDATA["User should login to the application with Invalid credentials"]]>
              </value>
            </param>
            <param index="1">
              <value>
                <![CDATA["VT-001 As a user , I should be able to login to vTiger application"]]>
              </value>
            </param>
          </params>
          <reporter-output>
          </reporter-output>
        </test-method> <!-- runScenario -->
        <test-method is-config="true" signature="tearDownClass()[pri:0, instance:runners.TestRunner@12591ac8]" started-at="2023-10-10T23:11:25 IST" name="tearDownClass" finished-at="2023-10-10T23:11:25 IST" duration-ms="502" status="PASS">
          <reporter-output>
          </reporter-output>
        </test-method> <!-- tearDownClass -->
      </class> <!-- runners.TestRunner -->
    </test> <!-- vTiger Project -->
  </suite> <!-- Functional -->
</testng-results>
